C51 COMPILER V9.54   PERFECT                                                               09/13/2015 15:13:34 PAGE 1   


C51 COMPILER V9.54, COMPILATION OF MODULE PERFECT
OBJECT MODULE PLACED IN perfect.OBJ
COMPILER INVOKED BY: D:\MyProgram\keil\C51\BIN\C51.EXE perfect.c OPTIMIZE(8,SPEED) BROWSE DEBUG OBJECTEXTEND

line level    source

   1          #include "../8023.h"
   2          #define D2 D(2000);
   3          #define D3 D(3000);
   4          #define D4 D(4000);
   5          void main(){
   6   1              /*串口调试/仿真区*/
   7   1              fun_port();
   8   1      
   9   1              fun_zdzj(12345678,87654321);
  10   1              
  11   1              /*串口调试/仿真区结束*/
  12   1          def_start(//在此输入小车目前的状态
  19   1              0,//X坐标
  19   1              0,//Y坐标
  19   1              dir_up,//车头方向
  19   1              han_s,//手抓状态
  19   1              sjp_3,//升降位置
  19   1              tra_h,//平移位置
  19   1              dir_up)//回转方向
  20   1          /*请从下一行开始写你的程序*/
  21   1              //fun_test();
  22   1              
  23   1              
  24   1      
  25   1              //fun_zhuajian();
  26   1              
  27   1              /*
  28   1                str_tfl.step[0]=tfl_line;
  29   1                str_tfl.step[1]=2;
  30   1                str_tfl.step[2]=tfl_cache;
  31   1            str_tfl.step[3]=75;
  32   1      
  33   1                str_tfl.step[4]=tfl_turn;
  34   1                str_tfl.step[5]=tur_l90;
  35   1      
  36   1      
  37   1                str_tfl.step[6]=tfl_line;
  38   1                str_tfl.step[7]=3;
  39   1            str_tfl.step[8]=tfl_cache;
  40   1            str_tfl.step[9]=75;
  41   1                str_tfl.step[10]=tfl_turn;
  42   1                str_tfl.step[11]=tur_l90;
  43   1      
  44   1                str_tfl.step[12]=tfl_line;
  45   1                str_tfl.step[13]=2;
  46   1            str_tfl.step[14]=tfl_cache;
  47   1            str_tfl.step[15]=75;
  48   1      
  49   1                str_tfl.step[16]=tfl_turn;
  50   1                str_tfl.step[17]=tur_r90;
  51   1      
  52   1                str_tfl.step[18]=tfl_line;
  53   1                str_tfl.step[19]=3;
  54   1            str_tfl.step[20]=tfl_cache;
  55   1            str_tfl.step[21]=75;
C51 COMPILER V9.54   PERFECT                                                               09/13/2015 15:13:34 PAGE 2   

  56   1      
  57   1                str_tfl.step[22]=tfl_turn;
  58   1                str_tfl.step[23]=tur_r90;
  59   1      
  60   1                str_tfl.step[24]=tfl_line;
  61   1                str_tfl.step[25]=2;
  62   1            str_tfl.step[26]=tfl_cache;
  63   1            str_tfl.step[27]=75;
  64   1      
  65   1                str_tfl.step[28]=tfl_turn;
  66   1                str_tfl.step[29]=tur_r90;
  67   1      
  68   1                str_tfl.step[30]=tfl_line;
  69   1                str_tfl.step[31]=3;
  70   1            str_tfl.step[32]=tfl_cache;
  71   1            str_tfl.step[33]=75;
  72   1      
  73   1                str_tfl.step[34]=tfl_turn;
  74   1                str_tfl.step[35]=tur_r90;
  75   1      
  76   1                str_tfl.step[36]=tfl_line;
  77   1                str_tfl.step[37]=2;
  78   1            str_tfl.step[38]=tfl_cache;
  79   1            str_tfl.step[39]=75;
  80   1      
  81   1                str_tfl.step[40]=tfl_turn;
  82   1                str_tfl.step[41]=tur_l90;
  83   1      
  84   1                str_tfl.step[42]=tfl_line;
  85   1                str_tfl.step[43]=3;
  86   1            str_tfl.step[44]=tfl_cache;
  87   1            str_tfl.step[45]=75;
  88   1      
  89   1                str_tfl.step[46]=tfl_turn;
  90   1                str_tfl.step[47]=tur_l90;
  91   1                
  92   1                str_tfl.step[48]=def_end;
  93   1               
  94   1                str_tfl.online=tf_false;
  95   1            str_tfl.run=str_tfl.step;
  96   1                str_tfl.gospeed=40;
  97   1                str_tfl.turnspeed=40;
  98   1                str_tfl.doing=tf_ture;
  99   1      
 100   1            D(5000)
 101   1            fun_sj1(sjp_2);
 102   1                
 103   1      */
 104   1                
 105   1               // fun_hz1(dir_up);
 106   1               // fun_motorsrl(mot_r,60);
 107   1              
 108   1      
 109   1                
 110   1               /*
 111   1                fun_hz1(dir_up);
 112   1                fun_sj1(sjp_3);
 113   1            fun_hz1(dir_right);  //回转180
 114   1            D3
 115   1            fun_hz1(dir_left);   //回转180
 116   1      
 117   1            fun_py1(tra_q);  //前移
C51 COMPILER V9.54   PERFECT                                                               09/13/2015 15:13:34 PAGE 3   

 118   1            D3
 119   1            fun_py1(tra_h);  //后移
 120   1      
 121   1            fun_sz1(han_j);  //手抓紧
 122   1            D3
 123   1            fun_sz1(han_s);   //手抓松
 124   1      
 125   1            fun_sj1(sjp_5);  //下降5
 126   1            fun_sj1(sjp_2);  //上升2
 127   1            D3
 128   1            fun_sj1(sjp_1);  //上升1
 129   1            D3
 130   1            fun_sj1(sjp_2);//下降2
 131   1            D3
 132   1            fun_sj1(sjp_5);//下降5
 133   1            D3
 134   1      
 135   1      
 136   1            
 137   1                fun_motors(mot_rl,-58);//后退5秒
 138   1            D2
 139   1            
 140   1                fun_motors(mot_rl,45);//前进4秒
 141   1            D2
 142   1                
 143   1                
 144   1            fun_motors(mot_l,-15);  //左转90
 145   1                
 146   1                fun_motors(mot_r,18);
 147   1            D3
 148   1       */
 149   1            
 150   1              /*      
 151   1              def_timer0start
 152   1              def_timer1start
 153   1      
 154   1              str_tfl.step[0]=tfl_line;
 155   1              str_tfl.step[1]=5;
 156   1              str_tfl.step[2]=def_end;
 157   1              
 158   1              str_tfl.run=&str_tfl.step[0];
 159   1              str_tfl.gospeed=50;
 160   1              str_tfl.online=tf_false;
 161   1              str_tfl.doing=tf_ture;
 162   1              
 163   1              while(1);
 164   1              
 165   1      */
 166   1              /*
 167   1          fun_sj1(sjp_3);
 168   1              fun_sj1(sjp_5);
 169   1              //D(2000);
 170   1              fun_py1(tra_q);
 171   1              //D(2000);
 172   1              fun_py1(tra_h);
 173   1              //D(2000);
 174   1              
 175   1              fun_py1(tra_kh);
 176   1              //D(2000);
 177   1              fun_sj1(sjp_5);
 178   1              fun_sz1(han_j);
 179   1              //D(2000);
C51 COMPILER V9.54   PERFECT                                                               09/13/2015 15:13:34 PAGE 4   

 180   1              fun_sj1(sjp_3);
 181   1              //D(2000);
 182   1              fun_py1(tra_q);
 183   1              //D(2000);
 184   1              fun_sj1(sjp_5);
 185   1              //D(2000);
 186   1              fun_sz1(han_s);
 187   1              //D(2000);
 188   1              
 189   1          fun_sj1(sjp_3);
 190   1              //D(2000);
 191   1              fun_py1(tra_kq);
 192   1              //D(2000);
 193   1              fun_sj1(sjp_5);
 194   1              //D(2000);
 195   1              fun_sz1(han_j);
 196   1              //D(2000);
 197   1              fun_sj1(sjp_3);
 198   1              //D(2000);
 199   1              fun_py1(tra_h);
 200   1              //D(2000);
 201   1              fun_sj1(sjp_5);
 202   1              //D(2000);
 203   1              fun_sz1(han_s);
 204   1              //D(2000);
 205   1              
 206   1      
 207   1              fun_py1(tra_h);
 208   1      
 209   1              def_stop
 210   1              */
 211   1              
 212   1              
 213   1      
 214   1              /*
 215   1              fun_sj1(sjp_1);
 216   1              fun_calibration();
 217   1              fun_sj1(sjp_4);
 218   1              
 219   1              fun_py1(tra_q);
 220   1              fun_sj1(sjp_5);
 221   1              
 222   1              fun_py1(tra_q);
 223   1              
 224   1              fun_py1(tra_h);
 225   1              D(2000)
 226   1              fun_py1(tra_kh);
 227   1              D(2000)
 228   1              fun_py1(tra_z);
 229   1              D(2000)
 230   1              fun_py1(tra_kq);
 231   1              D(2000)
 232   1              fun_py1(tra_q);
 233   1      
 234   1              D(2000)
 235   1              fun_py1(tra_q);
 236   1              D(2000)
 237   1              fun_py1(tra_kq);
 238   1              D(2000)
 239   1              fun_py1(tra_z);
 240   1              D(2000)
 241   1              fun_py1(tra_kh);
C51 COMPILER V9.54   PERFECT                                                               09/13/2015 15:13:34 PAGE 5   

 242   1              D(2000)
 243   1              fun_py1(tra_h);
 244   1              */
 245   1          /*你的程序到此为止,请不要再继续改动*/
 246   1          def_stop
 247   1      }
 248          void Int0Interrupt() interrupt 0{
 249   1          ;
 250   1      }
 251          void Timer0Interrupt() interrupt 1 using 1{
 252   1          fun_timer0();
 253   1      }
 254          void Timer1Interrupt() interrupt 3 using 1{
 255   1          fun_timer1();
 256   1      }


MODULE INFORMATION:   STATIC OVERLAYABLE
   CODE SIZE        =    258    ----
   CONSTANT SIZE    =     11    ----
   XDATA SIZE       =   ----    ----
   PDATA SIZE       =   ----    ----
   DATA SIZE        =   ----    ----
   IDATA SIZE       =   ----    ----
   BIT SIZE         =   ----    ----
END OF MODULE INFORMATION.


C51 COMPILATION COMPLETE.  0 WARNING(S),  0 ERROR(S)
